#
# A fatal error has been detected by the Java Runtime Environment:
#
#  Internal Error (classFileParser.cpp:3161), pid=384, tid=3672
#  Error: ShouldNotReachHere()
#
# JRE version: 6.0_22-b04
# Java VM: Java HotSpot(TM) Client VM (17.1-b03 mixed mode windows-x86 )
# If you would like to submit a bug report, please visit:
#   http://java.sun.com/webapps/bugreport/crash.jsp
#

---------------  T H R E A D  ---------------

Current thread (0x00846800):  JavaThread "Unknown thread" [_thread_in_vm, id=3672, stack(0x008d0000,0x00920000)]

Stack: [0x008d0000,0x00920000],  sp=0x0091f8ac,  free space=13e0091f8bck
Native frames: (J=compiled Java code, j=interpreted, Vv=VM code, C=native code)
V  [jvm.dll+0x1fd0f0]
V  [jvm.dll+0xa4679]
V  [jvm.dll+0x75ec1]
V  [jvm.dll+0x77564]
V  [jvm.dll+0x1cbc85]
V  [jvm.dll+0x1cc3bd]
V  [jvm.dll+0x1cc775]
V  [jvm.dll+0x1cc7bb]
V  [jvm.dll+0x1cc8e2]
V  [jvm.dll+0x1cc95a]
V  [jvm.dll+0x1cce0d]
V  [jvm.dll+0x1cd222]
V  [jvm.dll+0x1ecf03]
V  [jvm.dll+0x1ed2dc]
V  [jvm.dll+0xdb681]
V  [jvm.dll+0x1e6668]
V  [jvm.dll+0x1065b0]
C  [javaw.exe+0x1657]
C  [javaw.exe+0x1e2c]
C  [javaw.exe+0x8614]
C  [kernel32.dll+0xb699]


---------------  P R O C E S S  ---------------

Java Threads: ( => current thread )

Other Threads:

=>0x00846800 (exited) JavaThread "Unknown thread" [_thread_in_vm, id=3672, stack(0x008d0000,0x00920000)]

VM state:not at safepoint (not fully initialized)

VM Mutex/Monitor currently owned by a thread: None

Dynamic libraries:
0x00400000 - 0x00424000 	D:\java\jre6\bin\javaw.exe
0x7c920000 - 0x7c9b6000 	C:\WINDOWS\system32\ntdll.dll
0x7c800000 - 0x7c91d000 	C:\WINDOWS\system32\kernel32.dll
0x77da0000 - 0x77e49000 	C:\WINDOWS\system32\ADVAPI32.dll
0x77e50000 - 0x77ee2000 	C:\WINDOWS\system32\RPCRT4.dll
0x77fc0000 - 0x77fd1000 	C:\WINDOWS\system32\Secur32.dll
0x77d10000 - 0x77d9f000 	C:\WINDOWS\system32\USER32.dll
0x77ef0000 - 0x77f38000 	C:\WINDOWS\system32\GDI32.dll
0x76300000 - 0x7631d000 	C:\WINDOWS\system32\IMM32.DLL
0x62c20000 - 0x62c29000 	C:\WINDOWS\system32\LPK.DLL
0x73fa0000 - 0x7400b000 	C:\WINDOWS\system32\USP10.dll
0x77be0000 - 0x77c38000 	C:\WINDOWS\system32\msvcrt.dll
0x7c340000 - 0x7c396000 	D:\java\jre6\bin\msvcr71.dll
0x6d7f0000 - 0x6da97000 	D:\java\jre6\bin\client\jvm.dll
0x76b10000 - 0x76b3a000 	C:\WINDOWS\system32\WINMM.dll
0x6d7a0000 - 0x6d7ac000 	D:\java\jre6\bin\verify.dll
0x6d320000 - 0x6d33f000 	D:\java\jre6\bin\java.dll
0x6d280000 - 0x6d288000 	D:\java\jre6\bin\hpi.dll
0x76bc0000 - 0x76bcb000 	C:\WINDOWS\system32\PSAPI.DLL
0x6d7e0000 - 0x6d7ef000 	D:\java\jre6\bin\zip.dll

VM Arguments:
jvm_args: -Dfile.encoding=GBK -Xbootclasspath:C:\Program Files\Android\android-sdk\platforms\android-10\android.jar 
java_command: com.weifajue.schoolLife.Util.StringUtil
Launcher Type: SUN_STANDARD

Environment Variables:
JAVA_HOME=D:\java\jdk1.6.0_22
CLASSPATH=.;D:\Java\jre6\lib\ext\QTJava.zip
PATH=D:/Java/jre6/bin/client;D:/Java/jre6/bin;D:/Java/jre6/lib/i386;C:\Program Files\PC Connectivity Solution\;C:\WINDOWS\system32;C:\WINDOWS;C:\WINDOWS\System32\Wbem;D:\java\jdk1.6.0_22\bin;D:\Program Files\TortoiseSVN\bin;D:\Program Files\MySQL\MySQL Server 5.0\bin;D:\java\apache-maven-2.1.0\bin;D:\java\apache-cxf-2.2.1\bin;D:\java\apache-ant-1.7.1\bin;C:\Program Files\Common Files\Thunder Network\KanKan\Codecs;d:\Program Files\Rational\common;D:\scala\scala-2.8.1.final\bin;C:\Program Files\QuickTime\QTSystem\;D:\python27;D:\java\eclipse3.7;
USERNAME=Lemon
OS=Windows_NT
PROCESSOR_IDENTIFIER=x86 Family 6 Model 15 Stepping 2, GenuineIntel



---------------  S Y S T E M  ---------------

OS: Windows XP Build 2600 Service Pack 2

CPU:total 2 (2 cores per cpu, 1 threads per core) family 6 model 15 stepping 2, cmov, cx8, fxsr, mmx, sse, sse2, sse3, ssse3

Memory: 4k page, physical 1046632k(141224k free), swap 3042524k(1975356k free)

vm_info: Java HotSpot(TM) Client VM (17.1-b03) for windows-x86 JRE (1.6.0_22-b04), built on Sep 15 2010 00:56:36 by "java_re" with MS VC++ 7.1 (VS2003)

time: Sat Jul 14 03:11:50 2012
elapsed time: 0 seconds

